<?xml version="1.0" encoding="UTF-8"?>
<testng-results skipped="0" failed="0" total="1" passed="1">
  <reporter-output>
  </reporter-output>
  <suite name="Default suite" duration-ms="56227" started-at="2016-07-08T05:07:25Z" finished-at="2016-07-08T05:08:21Z">
    <groups>
    </groups>
    <test name="Default test" duration-ms="56227" started-at="2016-07-08T05:07:25Z" finished-at="2016-07-08T05:08:21Z">
      <class name="admin.adminLogin">
        <test-method status="PASS" signature="setUp()[pri:0, instance:admin.adminLogin@22d03fac]" name="setUp" is-config="true" duration-ms="10660" started-at="2016-07-08T13:07:25Z" finished-at="2016-07-08T13:07:36Z">
          <reporter-output>
          </reporter-output>
        </test-method> <!-- setUp -->
        <test-method status="PASS" signature="admintestng()[pri:0, instance:admin.adminLogin@22d03fac]" name="admintestng" duration-ms="45103" started-at="2016-07-08T13:07:36Z" finished-at="2016-07-08T13:08:21Z">
          <reporter-output>
          </reporter-output>
        </test-method> <!-- admintestng -->
        <test-method status="PASS" signature="tearDown()[pri:0, instance:admin.adminLogin@22d03fac]" name="tearDown" is-config="true" duration-ms="420" started-at="2016-07-08T13:08:21Z" finished-at="2016-07-08T13:08:21Z">
          <reporter-output>
          </reporter-output>
        </test-method> <!-- tearDown -->
      </class> <!-- admin.adminLogin -->
    </test> <!-- Default test -->
  </suite> <!-- Default suite -->
</testng-results>
